<?xml version="1.0" encoding="UTF-8"?>
<testng-results ignored="0" total="1" passed="1" failed="0" skipped="0">
  <reporter-output>
  </reporter-output>
  <suite started-at="2022-06-13T23:59:46 IST" name="Suite" finished-at="2022-06-14T00:01:21 IST" duration-ms="94451">
    <groups>
    </groups>
    <test started-at="2022-06-13T23:59:46 IST" name="Test" finished-at="2022-06-14T00:01:21 IST" duration-ms="94451">
      <class name="com.purnadata.testcases.SupplierTest">
        <test-method is-config="true" signature="init()[pri:0, instance:com.purnadata.testcases.SupplierTest@4fbe37eb]" started-at="2022-06-13T23:59:54 IST" name="init" finished-at="2022-06-14T00:01:05 IST" duration-ms="70802" status="PASS">
          <reporter-output>
          </reporter-output>
        </test-method> <!-- init -->
        <test-method signature="addSupplier(java.lang.String,java.lang.String,java.lang.String,java.lang.String,java.lang.String,java.lang.String,java.lang.String,java.lang.String,java.lang.String,java.lang.String,java.lang.String,java.lang.String,java.lang.String)[pri:0, instance:com.purnadata.testcases.SupplierTest@4fbe37eb]" started-at="2022-06-14T00:01:05 IST" name="addSupplier" data-provider="getsupplierData" finished-at="2022-06-14T00:01:19 IST" duration-ms="13980" status="PASS">
          <params>
            <param index="0">
              <value>
                <![CDATA[200.0]]>
              </value>
            </param>
            <param index="1">
              <value>
                <![CDATA[balaji]]>
              </value>
            </param>
            <param index="2">
              <value>
                <![CDATA[1.23456789E9]]>
              </value>
            </param>
            <param index="3">
              <value>
                <![CDATA[1 house street]]>
              </value>
            </param>
            <param index="4">
              <value>
                <![CDATA[abc@yahoo.com]]>
              </value>
            </param>
            <param index="5">
              <value>
                <![CDATA[vk]]>
              </value>
            </param>
            <param index="6">
              <value>
                <![CDATA[1.23456789E8]]>
              </value>
            </param>
            <param index="7">
              <value>
                <![CDATA[123ABCD456]]>
              </value>
            </param>
            <param index="8">
              <value>
                <![CDATA[ABCDE1234F]]>
              </value>
            </param>
            <param index="9">
              <value>
                <![CDATA[ABC BANK]]>
              </value>
            </param>
            <param index="10">
              <value>
                <![CDATA[2 bank street]]>
              </value>
            </param>
            <param index="11">
              <value>
                <![CDATA[1.23456789E8]]>
              </value>
            </param>
            <param index="12">
              <value>
                <![CDATA[ABCD1234]]>
              </value>
            </param>
          </params>
          <reporter-output>
          </reporter-output>
        </test-method> <!-- addSupplier -->
        <test-method is-config="true" signature="closeBrowser()[pri:0, instance:com.purnadata.testcases.SupplierTest@4fbe37eb]" started-at="2022-06-14T00:01:19 IST" name="closeBrowser" finished-at="2022-06-14T00:01:21 IST" duration-ms="1476" status="PASS">
          <reporter-output>
          </reporter-output>
        </test-method> <!-- closeBrowser -->
      </class> <!-- com.purnadata.testcases.SupplierTest -->
    </test> <!-- Test -->
  </suite> <!-- Suite -->
</testng-results>
